d:\programming\programacion juegos en redes\tcp - aa2\tcp-aa2_tcp-\project1\x64\debug\vc141.pdb
d:\programming\programacion juegos en redes\tcp - aa2\tcp-aa2_tcp-\project1\x64\debug\vc141.idb
d:\programming\programacion juegos en redes\tcp - aa2\tcp-aa2_tcp-\project1\x64\debug\weapons.obj
d:\programming\programacion juegos en redes\tcp - aa2\tcp-aa2_tcp-\project1\x64\debug\source.obj
d:\programming\programacion juegos en redes\tcp - aa2\tcp-aa2_tcp-\project1\x64\debug\player.obj
d:\programming\programacion juegos en redes\tcp - aa2\tcp-aa2_tcp-\project1\x64\debug\classes.obj
c:\hubgeneral\tcp-aa2_tcp-\x64\debug\client.exe
c:\hubgeneral\tcp-aa2_tcp-\x64\debug\client.ilk
c:\hubgeneral\tcp-aa2_tcp-\x64\debug\client.pdb
d:\programming\programacion juegos en redes\tcp - aa2\tcp-aa2_tcp-\x64\debug\client.ilk
d:\programming\programacion juegos en redes\tcp - aa2\tcp-aa2_tcp-\x64\debug\client.exe
d:\programming\programacion juegos en redes\tcp - aa2\tcp-aa2_tcp-\x64\debug\client.pdb
d:\programming\programacion juegos en redes\tcp - aa2\tcp-aa2_tcp-\project1\x64\debug\sfml-audio-d.pdb
d:\programming\programacion juegos en redes\tcp - aa2\tcp-aa2_tcp-\project1\x64\debug\sfml-audio-s-d.pdb
d:\programming\programacion juegos en redes\tcp - aa2\tcp-aa2_tcp-\project1\x64\debug\sfml-graphics-d.pdb
d:\programming\programacion juegos en redes\tcp - aa2\tcp-aa2_tcp-\project1\x64\debug\sfml-graphics-s-d.pdb
d:\programming\programacion juegos en redes\tcp - aa2\tcp-aa2_tcp-\project1\x64\debug\sfml-network-d.pdb
d:\programming\programacion juegos en redes\tcp - aa2\tcp-aa2_tcp-\project1\x64\debug\sfml-network-s-d.pdb
d:\programming\programacion juegos en redes\tcp - aa2\tcp-aa2_tcp-\project1\x64\debug\sfml-system-d.pdb
d:\programming\programacion juegos en redes\tcp - aa2\tcp-aa2_tcp-\project1\x64\debug\sfml-system-s-d.pdb
d:\programming\programacion juegos en redes\tcp - aa2\tcp-aa2_tcp-\project1\x64\debug\sfml-window-d.pdb
d:\programming\programacion juegos en redes\tcp - aa2\tcp-aa2_tcp-\project1\x64\debug\sfml-window-s-d.pdb
d:\programming\programacion juegos en redes\tcp - aa2\tcp-aa2_tcp-\project1\x64\debug\client.tlog\cl.command.1.tlog
d:\programming\programacion juegos en redes\tcp - aa2\tcp-aa2_tcp-\project1\x64\debug\client.tlog\cl.read.1.tlog
d:\programming\programacion juegos en redes\tcp - aa2\tcp-aa2_tcp-\project1\x64\debug\client.tlog\cl.write.1.tlog
d:\programming\programacion juegos en redes\tcp - aa2\tcp-aa2_tcp-\project1\x64\debug\client.tlog\link.command.1.tlog
d:\programming\programacion juegos en redes\tcp - aa2\tcp-aa2_tcp-\project1\x64\debug\client.tlog\link.read.1.tlog
d:\programming\programacion juegos en redes\tcp - aa2\tcp-aa2_tcp-\project1\x64\debug\client.tlog\link.write.1.tlog
